  BlankUserControl.cpp
  Calendar_uc.cpp
C:\Users\MT\Documents\code blocks\C++\streamCinet-App\Project5\Mani.h(80,53): warning C4390: ';': empty controlled statement found; is this the intent?
C:\Users\MT\Documents\code blocks\C++\streamCinet-App\Project5\Mani.h(84,29): warning C4101: 'ex': unreferenced local variable
C:\Users\MT\Documents\code blocks\C++\streamCinet-App\Project5\Mani.h(149,13): warning C4244: 'argument': conversion from 'time_t' to 'unsigned int', possible loss of data
  DashBoard.cpp
C:\Users\MT\Documents\code blocks\C++\streamCinet-App\Project5\Mani.h(80,53): warning C4390: ';': empty controlled statement found; is this the intent?
C:\Users\MT\Documents\code blocks\C++\streamCinet-App\Project5\Mani.h(84,29): warning C4101: 'ex': unreferenced local variable
C:\Users\MT\Documents\code blocks\C++\streamCinet-App\Project5\Mani.h(149,13): warning C4244: 'argument': conversion from 'time_t' to 'unsigned int', possible loss of data
  DataBaseConnection.cpp
  DataBaseOperations.cpp
  DaysUserControl.cpp
C:\Users\MT\Documents\code blocks\C++\streamCinet-App\Project5\Mani.h(80,53): warning C4390: ';': empty controlled statement found; is this the intent?
C:\Users\MT\Documents\code blocks\C++\streamCinet-App\Project5\Mani.h(84,29): warning C4101: 'ex': unreferenced local variable
C:\Users\MT\Documents\code blocks\C++\streamCinet-App\Project5\Mani.h(149,13): warning C4244: 'argument': conversion from 'time_t' to 'unsigned int', possible loss of data
  DiscoverUser.cpp
C:\Users\MT\Documents\code blocks\C++\streamCinet-App\Project5\Mani.h(80,53): warning C4390: ';': empty controlled statement found; is this the intent?
C:\Users\MT\Documents\code blocks\C++\streamCinet-App\Project5\Mani.h(84,29): warning C4101: 'ex': unreferenced local variable
C:\Users\MT\Documents\code blocks\C++\streamCinet-App\Project5\Mani.h(149,13): warning C4244: 'argument': conversion from 'time_t' to 'unsigned int', possible loss of data
  Library.cpp
C:\Users\MT\Documents\code blocks\C++\streamCinet-App\Project5\Mani.h(80,53): warning C4390: ';': empty controlled statement found; is this the intent?
C:\Users\MT\Documents\code blocks\C++\streamCinet-App\Project5\Mani.h(84,29): warning C4101: 'ex': unreferenced local variable
C:\Users\MT\Documents\code blocks\C++\streamCinet-App\Project5\Mani.h(149,13): warning C4244: 'argument': conversion from 'time_t' to 'unsigned int', possible loss of data
  Login.cpp
  Mani.cpp
C:\Users\MT\Documents\code blocks\C++\streamCinet-App\Project5\Mani.h(80,53): warning C4390: ';': empty controlled statement found; is this the intent?
C:\Users\MT\Documents\code blocks\C++\streamCinet-App\Project5\Mani.h(84,29): warning C4101: 'ex': unreferenced local variable
C:\Users\MT\Documents\code blocks\C++\streamCinet-App\Project5\Mani.h(149,13): warning C4244: 'argument': conversion from 'time_t' to 'unsigned int', possible loss of data
  jsoncpp.cpp
  Movie.cpp
  MyForm.cpp
C:\Users\MT\Documents\code blocks\C++\streamCinet-App\Project5\Mani.h(80,53): warning C4390: ';': empty controlled statement found; is this the intent?
C:\Users\MT\Documents\code blocks\C++\streamCinet-App\Project5\Mani.h(84,29): warning C4101: 'ex': unreferenced local variable
C:\Users\MT\Documents\code blocks\C++\streamCinet-App\Project5\Mani.h(149,13): warning C4244: 'argument': conversion from 'time_t' to 'unsigned int', possible loss of data
  PosterImage.cpp
C:\Users\MT\Documents\code blocks\C++\streamCinet-App\Project5\Mani.h(80,53): warning C4390: ';': empty controlled statement found; is this the intent?
C:\Users\MT\Documents\code blocks\C++\streamCinet-App\Project5\Mani.h(84,29): warning C4101: 'ex': unreferenced local variable
C:\Users\MT\Documents\code blocks\C++\streamCinet-App\Project5\Mani.h(149,13): warning C4244: 'argument': conversion from 'time_t' to 'unsigned int', possible loss of data
  PosterPlanning.cpp
C:\Users\MT\Documents\code blocks\C++\streamCinet-App\Project5\Mani.h(80,53): warning C4390: ';': empty controlled statement found; is this the intent?
C:\Users\MT\Documents\code blocks\C++\streamCinet-App\Project5\Mani.h(84,29): warning C4101: 'ex': unreferenced local variable
C:\Users\MT\Documents\code blocks\C++\streamCinet-App\Project5\Mani.h(149,13): warning C4244: 'argument': conversion from 'time_t' to 'unsigned int', possible loss of data
  Serie.cpp
  SignUp.cpp
  UserClass.cpp
  ViewMovie.cpp
C:\Users\MT\Documents\code blocks\C++\streamCinet-App\Project5\Mani.h(80,53): warning C4390: ';': empty controlled statement found; is this the intent?
C:\Users\MT\Documents\code blocks\C++\streamCinet-App\Project5\Mani.h(84,29): warning C4101: 'ex': unreferenced local variable
C:\Users\MT\Documents\code blocks\C++\streamCinet-App\Project5\Mani.h(149,13): warning C4244: 'argument': conversion from 'time_t' to 'unsigned int', possible loss of data
  WatchForm.cpp
  Generating Code...
C:\Users\MT\Documents\code blocks\C++\streamCinet-App\Project5\Mani.h(146): warning C4715: 'Mani::imageDown': not all control paths return a value
C:\Users\MT\Documents\code blocks\C++\streamCinet-App\Project5\ViewMovie.h(907): warning C4715: 'Project5::ViewMovie::Overview_Episode_FromApi': not all control paths return a value
C:\Users\MT\Documents\code blocks\C++\streamCinet-App\Project5\Mani.h(275): warning C4715: 'Mani::ShowBackGroundImageDashBoard': not all control paths return a value
C:\Users\MT\Documents\code blocks\C++\streamCinet-App\Project5\Mani.h(146): warning C4715: 'Mani::imageDown': not all control paths return a value
C:\Users\MT\Documents\code blocks\C++\streamCinet-App\Project5\ViewMovie.h(907): warning C4715: 'Project5::ViewMovie::Overview_Episode_FromApi': not all control paths return a value
C:\Users\MT\Documents\code blocks\C++\streamCinet-App\Project5\Mani.h(275): warning C4715: 'Mani::ShowBackGroundImageDashBoard': not all control paths return a value
C:\Users\MT\Documents\code blocks\C++\streamCinet-App\Project5\Mani.h(146): warning C4715: 'Mani::imageDown': not all control paths return a value
C:\Users\MT\Documents\code blocks\C++\streamCinet-App\Project5\ViewMovie.h(907): warning C4715: 'Project5::ViewMovie::Overview_Episode_FromApi': not all control paths return a value
C:\Users\MT\Documents\code blocks\C++\streamCinet-App\Project5\Mani.h(275): warning C4715: 'Mani::ShowBackGroundImageDashBoard': not all control paths return a value
C:\Users\MT\Documents\code blocks\C++\streamCinet-App\Project5\Mani.h(146): warning C4715: 'Mani::imageDown': not all control paths return a value
C:\Users\MT\Documents\code blocks\C++\streamCinet-App\Project5\WatchLater_UC.h(189): warning C4715: 'Project5::WatchLater_UC::getIdPlanning': not all control paths return a value
C:\Users\MT\Documents\code blocks\C++\streamCinet-App\Project5\DaysUserControl.h(134): warning C4715: 'Project5::DaysUserControl::getIdPlanning': not all control paths return a value
C:\Users\MT\Documents\code blocks\C++\streamCinet-App\Project5\Calendar_uc.h(400): warning C4715: 'Project5::Calendar_uc::getIdPlanning': not all control paths return a value
C:\Users\MT\Documents\code blocks\C++\streamCinet-App\Project5\ViewMovie.h(907): warning C4715: 'Project5::ViewMovie::Overview_Episode_FromApi': not all control paths return a value
C:\Users\MT\Documents\code blocks\C++\streamCinet-App\Project5\Mani.h(275): warning C4715: 'Mani::ShowBackGroundImageDashBoard': not all control paths return a value
C:\Users\MT\Documents\code blocks\C++\streamCinet-App\Project5\Mani.h(146): warning C4715: 'Mani::imageDown': not all control paths return a value
C:\Users\MT\Documents\code blocks\C++\streamCinet-App\Project5\Mani.h(275): warning C4715: 'Mani::ShowBackGroundImageDashBoard': not all control paths return a value
C:\Users\MT\Documents\code blocks\C++\streamCinet-App\Project5\Mani.h(146): warning C4715: 'Mani::imageDown': not all control paths return a value
C:\Users\MT\Documents\code blocks\C++\streamCinet-App\Project5\ViewMovie.h(907): warning C4715: 'Project5::ViewMovie::Overview_Episode_FromApi': not all control paths return a value
C:\Users\MT\Documents\code blocks\C++\streamCinet-App\Project5\Mani.h(275): warning C4715: 'Mani::ShowBackGroundImageDashBoard': not all control paths return a value
C:\Users\MT\Documents\code blocks\C++\streamCinet-App\Project5\Mani.h(146): warning C4715: 'Mani::imageDown': not all control paths return a value
C:\Users\MT\Documents\code blocks\C++\streamCinet-App\Project5\ViewMovie.h(907): warning C4715: 'Project5::ViewMovie::Overview_Episode_FromApi': not all control paths return a value
C:\Users\MT\Documents\code blocks\C++\streamCinet-App\Project5\Mani.h(275): warning C4715: 'Mani::ShowBackGroundImageDashBoard': not all control paths return a value
C:\Users\MT\Documents\code blocks\C++\streamCinet-App\Project5\Mani.h(146): warning C4715: 'Mani::imageDown': not all control paths return a value
C:\Users\MT\Documents\code blocks\C++\streamCinet-App\Project5\WatchLater_UC.h(189): warning C4715: 'Project5::WatchLater_UC::getIdPlanning': not all control paths return a value
C:\Users\MT\Documents\code blocks\C++\streamCinet-App\Project5\DaysUserControl.h(134): warning C4715: 'Project5::DaysUserControl::getIdPlanning': not all control paths return a value
C:\Users\MT\Documents\code blocks\C++\streamCinet-App\Project5\ViewMovie.h(907): warning C4715: 'Project5::ViewMovie::Overview_Episode_FromApi': not all control paths return a value
C:\Users\MT\Documents\code blocks\C++\streamCinet-App\Project5\Mani.h(275): warning C4715: 'Mani::ShowBackGroundImageDashBoard': not all control paths return a value
C:\Users\MT\Documents\code blocks\C++\streamCinet-App\Project5\Mani.h(146): warning C4715: 'Mani::imageDown': not all control paths return a value
C:\Users\MT\Documents\code blocks\C++\streamCinet-App\Project5\ViewMovie.h(907): warning C4715: 'Project5::ViewMovie::Overview_Episode_FromApi': not all control paths return a value
C:\Users\MT\Documents\code blocks\C++\streamCinet-App\Project5\Mani.h(275): warning C4715: 'Mani::ShowBackGroundImageDashBoard': not all control paths return a value
C:\Users\MT\Documents\code blocks\C++\streamCinet-App\Project5\Mani.h(146): warning C4715: 'Mani::imageDown': not all control paths return a value
C:\Users\MT\Documents\code blocks\C++\streamCinet-App\Project5\WatchLater_UC.h(189): warning C4715: 'Project5::WatchLater_UC::getIdPlanning': not all control paths return a value
C:\Users\MT\Documents\code blocks\C++\streamCinet-App\Project5\DaysUserControl.h(134): warning C4715: 'Project5::DaysUserControl::getIdPlanning': not all control paths return a value
C:\Users\MT\Documents\code blocks\C++\streamCinet-App\Project5\Calendar_uc.h(400): warning C4715: 'Project5::Calendar_uc::getIdPlanning': not all control paths return a value
C:\Users\MT\Documents\code blocks\C++\streamCinet-App\Project5\ViewMovie.h(907): warning C4715: 'Project5::ViewMovie::Overview_Episode_FromApi': not all control paths return a value
C:\Users\MT\Documents\code blocks\C++\streamCinet-App\Project5\Mani.h(275): warning C4715: 'Mani::ShowBackGroundImageDashBoard': not all control paths return a value
  Compiling...
  WatchLater_UC.cpp
C:\Users\MT\Documents\code blocks\C++\streamCinet-App\Project5\Mani.h(80,53): warning C4390: ';': empty controlled statement found; is this the intent?
C:\Users\MT\Documents\code blocks\C++\streamCinet-App\Project5\Mani.h(84,29): warning C4101: 'ex': unreferenced local variable
C:\Users\MT\Documents\code blocks\C++\streamCinet-App\Project5\Mani.h(149,13): warning C4244: 'argument': conversion from 'time_t' to 'unsigned int', possible loss of data
  .NETFramework,Version=v4.7.2.AssemblyAttributes.cpp
  Generating Code...
C:\Users\MT\Documents\code blocks\C++\streamCinet-App\Project5\Mani.h(146): warning C4715: 'Mani::imageDown': not all control paths return a value
C:\Users\MT\Documents\code blocks\C++\streamCinet-App\Project5\WatchLater_UC.h(189): warning C4715: 'Project5::WatchLater_UC::getIdPlanning': not all control paths return a value
C:\Users\MT\Documents\code blocks\C++\streamCinet-App\Project5\ViewMovie.h(907): warning C4715: 'Project5::ViewMovie::Overview_Episode_FromApi': not all control paths return a value
C:\Users\MT\Documents\code blocks\C++\streamCinet-App\Project5\Mani.h(275): warning C4715: 'Mani::ShowBackGroundImageDashBoard': not all control paths return a value
  BlankUserControl.obj : MSIL module encountered; incremental linking is disabled for MSIL; performing full link
WatchLater_UC.obj : error LNK2020: unresolved token (0A0004EE) "extern "C" enum CURLcode __cdecl curl_easy_setopt(void *,enum CURLoption,...)" (?curl_easy_setopt@@$$J0YA?AW4CURLcode@@PEAXW4CURLoption@@ZZ)
ViewMovie.obj : error LNK2020: unresolved token (0A0004EE) "extern "C" enum CURLcode __cdecl curl_easy_setopt(void *,enum CURLoption,...)" (?curl_easy_setopt@@$$J0YA?AW4CURLcode@@PEAXW4CURLoption@@ZZ)
PosterPlanning.obj : error LNK2020: unresolved token (0A0004EE) "extern "C" enum CURLcode __cdecl curl_easy_setopt(void *,enum CURLoption,...)" (?curl_easy_setopt@@$$J0YA?AW4CURLcode@@PEAXW4CURLoption@@ZZ)
PosterImage.obj : error LNK2020: unresolved token (0A0004EE) "extern "C" enum CURLcode __cdecl curl_easy_setopt(void *,enum CURLoption,...)" (?curl_easy_setopt@@$$J0YA?AW4CURLcode@@PEAXW4CURLoption@@ZZ)
MyForm.obj : error LNK2020: unresolved token (0A000552) "extern "C" enum CURLcode __cdecl curl_easy_setopt(void *,enum CURLoption,...)" (?curl_easy_setopt@@$$J0YA?AW4CURLcode@@PEAXW4CURLoption@@ZZ)
Mani.obj : error LNK2020: unresolved token (0A0004F7) "extern "C" enum CURLcode __cdecl curl_easy_setopt(void *,enum CURLoption,...)" (?curl_easy_setopt@@$$J0YA?AW4CURLcode@@PEAXW4CURLoption@@ZZ)
Library.obj : error LNK2020: unresolved token (0A0004EE) "extern "C" enum CURLcode __cdecl curl_easy_setopt(void *,enum CURLoption,...)" (?curl_easy_setopt@@$$J0YA?AW4CURLcode@@PEAXW4CURLoption@@ZZ)
DiscoverUser.obj : error LNK2020: unresolved token (0A00052C) "extern "C" enum CURLcode __cdecl curl_easy_setopt(void *,enum CURLoption,...)" (?curl_easy_setopt@@$$J0YA?AW4CURLcode@@PEAXW4CURLoption@@ZZ)
DaysUserControl.obj : error LNK2020: unresolved token (0A0004EE) "extern "C" enum CURLcode __cdecl curl_easy_setopt(void *,enum CURLoption,...)" (?curl_easy_setopt@@$$J0YA?AW4CURLcode@@PEAXW4CURLoption@@ZZ)
DashBoard.obj : error LNK2020: unresolved token (0A000523) "extern "C" enum CURLcode __cdecl curl_easy_setopt(void *,enum CURLoption,...)" (?curl_easy_setopt@@$$J0YA?AW4CURLcode@@PEAXW4CURLoption@@ZZ)
Calendar_uc.obj : error LNK2020: unresolved token (0A0004EE) "extern "C" enum CURLcode __cdecl curl_easy_setopt(void *,enum CURLoption,...)" (?curl_easy_setopt@@$$J0YA?AW4CURLcode@@PEAXW4CURLoption@@ZZ)
WatchLater_UC.obj : error LNK2028: unresolved token (0A0004F5) "extern "C" void __cdecl curl_easy_cleanup(void *)" (?curl_easy_cleanup@@$$J0YAXPEAX@Z) referenced in function "public: class Json::Value __clrcall Mani::getInformations(class std::basic_string<char,struct std::char_traits<char>,class std::allocator<char> >)" (?getInformations@Mani@@$$FQE$AAM?AVValue@Json@@V?$basic_string@DU?$char_traits@D@std@@V?$allocator@D@2@@std@@@Z)
ViewMovie.obj : error LNK2028: unresolved token (0A0004F5) "extern "C" void __cdecl curl_easy_cleanup(void *)" (?curl_easy_cleanup@@$$J0YAXPEAX@Z) referenced in function "public: class Json::Value __clrcall Mani::getInformations(class std::basic_string<char,struct std::char_traits<char>,class std::allocator<char> >)" (?getInformations@Mani@@$$FQE$AAM?AVValue@Json@@V?$basic_string@DU?$char_traits@D@std@@V?$allocator@D@2@@std@@@Z)
PosterPlanning.obj : error LNK2028: unresolved token (0A0004F5) "extern "C" void __cdecl curl_easy_cleanup(void *)" (?curl_easy_cleanup@@$$J0YAXPEAX@Z) referenced in function "public: class Json::Value __clrcall Mani::getInformations(class std::basic_string<char,struct std::char_traits<char>,class std::allocator<char> >)" (?getInformations@Mani@@$$FQE$AAM?AVValue@Json@@V?$basic_string@DU?$char_traits@D@std@@V?$allocator@D@2@@std@@@Z)
PosterImage.obj : error LNK2020: unresolved token (0A0004F5) "extern "C" void __cdecl curl_easy_cleanup(void *)" (?curl_easy_cleanup@@$$J0YAXPEAX@Z)
MyForm.obj : error LNK2028: unresolved token (0A000559) "extern "C" void __cdecl curl_easy_cleanup(void *)" (?curl_easy_cleanup@@$$J0YAXPEAX@Z) referenced in function "public: class Json::Value __clrcall Mani::getInformations(class std::basic_string<char,struct std::char_traits<char>,class std::allocator<char> >)" (?getInformations@Mani@@$$FQE$AAM?AVValue@Json@@V?$basic_string@DU?$char_traits@D@std@@V?$allocator@D@2@@std@@@Z)
Mani.obj : error LNK2028: unresolved token (0A0004FE) "extern "C" void __cdecl curl_easy_cleanup(void *)" (?curl_easy_cleanup@@$$J0YAXPEAX@Z) referenced in function "public: class Json::Value __clrcall Mani::getInformations(class std::basic_string<char,struct std::char_traits<char>,class std::allocator<char> >)" (?getInformations@Mani@@$$FQE$AAM?AVValue@Json@@V?$basic_string@DU?$char_traits@D@std@@V?$allocator@D@2@@std@@@Z)
Library.obj : error LNK2028: unresolved token (0A0004F5) "extern "C" void __cdecl curl_easy_cleanup(void *)" (?curl_easy_cleanup@@$$J0YAXPEAX@Z) referenced in function "public: class Json::Value __clrcall Mani::getInformations(class std::basic_string<char,struct std::char_traits<char>,class std::allocator<char> >)" (?getInformations@Mani@@$$FQE$AAM?AVValue@Json@@V?$basic_string@DU?$char_traits@D@std@@V?$allocator@D@2@@std@@@Z)
DiscoverUser.obj : error LNK2020: unresolved token (0A000533) "extern "C" void __cdecl curl_easy_cleanup(void *)" (?curl_easy_cleanup@@$$J0YAXPEAX@Z)
DaysUserControl.obj : error LNK2020: unresolved token (0A0004F5) "extern "C" void __cdecl curl_easy_cleanup(void *)" (?curl_easy_cleanup@@$$J0YAXPEAX@Z)
DashBoard.obj : error LNK2020: unresolved token (0A00052A) "extern "C" void __cdecl curl_easy_cleanup(void *)" (?curl_easy_cleanup@@$$J0YAXPEAX@Z)
Calendar_uc.obj : error LNK2028: unresolved token (0A0004F5) "extern "C" void __cdecl curl_easy_cleanup(void *)" (?curl_easy_cleanup@@$$J0YAXPEAX@Z) referenced in function "public: class Json::Value __clrcall Mani::getInformations(class std::basic_string<char,struct std::char_traits<char>,class std::allocator<char> >)" (?getInformations@Mani@@$$FQE$AAM?AVValue@Json@@V?$basic_string@DU?$char_traits@D@std@@V?$allocator@D@2@@std@@@Z)
WatchLater_UC.obj : error LNK2020: unresolved token (0A0004F7) "extern "C" enum CURLcode __cdecl curl_easy_setopt(void *,enum CURLoption,...)" (?curl_easy_setopt@@$$J0YA?AW4CURLcode@@PEAXW4CURLoption@@ZZ)
ViewMovie.obj : error LNK2020: unresolved token (0A0004F7) "extern "C" enum CURLcode __cdecl curl_easy_setopt(void *,enum CURLoption,...)" (?curl_easy_setopt@@$$J0YA?AW4CURLcode@@PEAXW4CURLoption@@ZZ)
PosterPlanning.obj : error LNK2020: unresolved token (0A0004F7) "extern "C" enum CURLcode __cdecl curl_easy_setopt(void *,enum CURLoption,...)" (?curl_easy_setopt@@$$J0YA?AW4CURLcode@@PEAXW4CURLoption@@ZZ)
PosterImage.obj : error LNK2020: unresolved token (0A0004F7) "extern "C" enum CURLcode __cdecl curl_easy_setopt(void *,enum CURLoption,...)" (?curl_easy_setopt@@$$J0YA?AW4CURLcode@@PEAXW4CURLoption@@ZZ)
MyForm.obj : error LNK2020: unresolved token (0A00055B) "extern "C" enum CURLcode __cdecl curl_easy_setopt(void *,enum CURLoption,...)" (?curl_easy_setopt@@$$J0YA?AW4CURLcode@@PEAXW4CURLoption@@ZZ)
Mani.obj : error LNK2020: unresolved token (0A000500) "extern "C" enum CURLcode __cdecl curl_easy_setopt(void *,enum CURLoption,...)" (?curl_easy_setopt@@$$J0YA?AW4CURLcode@@PEAXW4CURLoption@@ZZ)
Library.obj : error LNK2020: unresolved token (0A0004F7) "extern "C" enum CURLcode __cdecl curl_easy_setopt(void *,enum CURLoption,...)" (?curl_easy_setopt@@$$J0YA?AW4CURLcode@@PEAXW4CURLoption@@ZZ)
DiscoverUser.obj : error LNK2020: unresolved token (0A000535) "extern "C" enum CURLcode __cdecl curl_easy_setopt(void *,enum CURLoption,...)" (?curl_easy_setopt@@$$J0YA?AW4CURLcode@@PEAXW4CURLoption@@ZZ)
DaysUserControl.obj : error LNK2020: unresolved token (0A0004F7) "extern "C" enum CURLcode __cdecl curl_easy_setopt(void *,enum CURLoption,...)" (?curl_easy_setopt@@$$J0YA?AW4CURLcode@@PEAXW4CURLoption@@ZZ)
DashBoard.obj : error LNK2020: unresolved token (0A00052C) "extern "C" enum CURLcode __cdecl curl_easy_setopt(void *,enum CURLoption,...)" (?curl_easy_setopt@@$$J0YA?AW4CURLcode@@PEAXW4CURLoption@@ZZ)
Calendar_uc.obj : error LNK2020: unresolved token (0A0004F7) "extern "C" enum CURLcode __cdecl curl_easy_setopt(void *,enum CURLoption,...)" (?curl_easy_setopt@@$$J0YA?AW4CURLcode@@PEAXW4CURLoption@@ZZ)
WatchLater_UC.obj : error LNK2020: unresolved token (0A000526) "extern "C" enum CURLcode __cdecl curl_easy_getinfo(void *,enum CURLINFO,...)" (?curl_easy_getinfo@@$$J0YA?AW4CURLcode@@PEAXW4CURLINFO@@ZZ)
ViewMovie.obj : error LNK2020: unresolved token (0A000526) "extern "C" enum CURLcode __cdecl curl_easy_getinfo(void *,enum CURLINFO,...)" (?curl_easy_getinfo@@$$J0YA?AW4CURLcode@@PEAXW4CURLINFO@@ZZ)
PosterPlanning.obj : error LNK2020: unresolved token (0A000526) "extern "C" enum CURLcode __cdecl curl_easy_getinfo(void *,enum CURLINFO,...)" (?curl_easy_getinfo@@$$J0YA?AW4CURLcode@@PEAXW4CURLINFO@@ZZ)
PosterImage.obj : error LNK2020: unresolved token (0A000526) "extern "C" enum CURLcode __cdecl curl_easy_getinfo(void *,enum CURLINFO,...)" (?curl_easy_getinfo@@$$J0YA?AW4CURLcode@@PEAXW4CURLINFO@@ZZ)
MyForm.obj : error LNK2020: unresolved token (0A000590) "extern "C" enum CURLcode __cdecl curl_easy_getinfo(void *,enum CURLINFO,...)" (?curl_easy_getinfo@@$$J0YA?AW4CURLcode@@PEAXW4CURLINFO@@ZZ)
Mani.obj : error LNK2020: unresolved token (0A000533) "extern "C" enum CURLcode __cdecl curl_easy_getinfo(void *,enum CURLINFO,...)" (?curl_easy_getinfo@@$$J0YA?AW4CURLcode@@PEAXW4CURLINFO@@ZZ)
Library.obj : error LNK2020: unresolved token (0A000526) "extern "C" enum CURLcode __cdecl curl_easy_getinfo(void *,enum CURLINFO,...)" (?curl_easy_getinfo@@$$J0YA?AW4CURLcode@@PEAXW4CURLINFO@@ZZ)
DiscoverUser.obj : error LNK2020: unresolved token (0A000568) "extern "C" enum CURLcode __cdecl curl_easy_getinfo(void *,enum CURLINFO,...)" (?curl_easy_getinfo@@$$J0YA?AW4CURLcode@@PEAXW4CURLINFO@@ZZ)
DaysUserControl.obj : error LNK2020: unresolved token (0A000526) "extern "C" enum CURLcode __cdecl curl_easy_getinfo(void *,enum CURLINFO,...)" (?curl_easy_getinfo@@$$J0YA?AW4CURLcode@@PEAXW4CURLINFO@@ZZ)
DashBoard.obj : error LNK2020: unresolved token (0A00055F) "extern "C" enum CURLcode __cdecl curl_easy_getinfo(void *,enum CURLINFO,...)" (?curl_easy_getinfo@@$$J0YA?AW4CURLcode@@PEAXW4CURLINFO@@ZZ)
Calendar_uc.obj : error LNK2020: unresolved token (0A000526) "extern "C" enum CURLcode __cdecl curl_easy_getinfo(void *,enum CURLINFO,...)" (?curl_easy_getinfo@@$$J0YA?AW4CURLcode@@PEAXW4CURLINFO@@ZZ)
WatchLater_UC.obj : error LNK2020: unresolved token (0A000534) "extern "C" enum CURLcode __cdecl curl_easy_setopt(void *,enum CURLoption,...)" (?curl_easy_setopt@@$$J0YA?AW4CURLcode@@PEAXW4CURLoption@@ZZ)
ViewMovie.obj : error LNK2020: unresolved token (0A000534) "extern "C" enum CURLcode __cdecl curl_easy_setopt(void *,enum CURLoption,...)" (?curl_easy_setopt@@$$J0YA?AW4CURLcode@@PEAXW4CURLoption@@ZZ)
PosterPlanning.obj : error LNK2020: unresolved token (0A000534) "extern "C" enum CURLcode __cdecl curl_easy_setopt(void *,enum CURLoption,...)" (?curl_easy_setopt@@$$J0YA?AW4CURLcode@@PEAXW4CURLoption@@ZZ)
PosterImage.obj : error LNK2020: unresolved token (0A000534) "extern "C" enum CURLcode __cdecl curl_easy_setopt(void *,enum CURLoption,...)" (?curl_easy_setopt@@$$J0YA?AW4CURLcode@@PEAXW4CURLoption@@ZZ)
MyForm.obj : error LNK2020: unresolved token (0A00059E) "extern "C" enum CURLcode __cdecl curl_easy_setopt(void *,enum CURLoption,...)" (?curl_easy_setopt@@$$J0YA?AW4CURLcode@@PEAXW4CURLoption@@ZZ)
Mani.obj : error LNK2020: unresolved token (0A000541) "extern "C" enum CURLcode __cdecl curl_easy_setopt(void *,enum CURLoption,...)" (?curl_easy_setopt@@$$J0YA?AW4CURLcode@@PEAXW4CURLoption@@ZZ)
Library.obj : error LNK2020: unresolved token (0A000534) "extern "C" enum CURLcode __cdecl curl_easy_setopt(void *,enum CURLoption,...)" (?curl_easy_setopt@@$$J0YA?AW4CURLcode@@PEAXW4CURLoption@@ZZ)
DiscoverUser.obj : error LNK2020: unresolved token (0A000576) "extern "C" enum CURLcode __cdecl curl_easy_setopt(void *,enum CURLoption,...)" (?curl_easy_setopt@@$$J0YA?AW4CURLcode@@PEAXW4CURLoption@@ZZ)
DaysUserControl.obj : error LNK2020: unresolved token (0A000534) "extern "C" enum CURLcode __cdecl curl_easy_setopt(void *,enum CURLoption,...)" (?curl_easy_setopt@@$$J0YA?AW4CURLcode@@PEAXW4CURLoption@@ZZ)
DashBoard.obj : error LNK2020: unresolved token (0A00056D) "extern "C" enum CURLcode __cdecl curl_easy_setopt(void *,enum CURLoption,...)" (?curl_easy_setopt@@$$J0YA?AW4CURLcode@@PEAXW4CURLoption@@ZZ)
Calendar_uc.obj : error LNK2020: unresolved token (0A000534) "extern "C" enum CURLcode __cdecl curl_easy_setopt(void *,enum CURLoption,...)" (?curl_easy_setopt@@$$J0YA?AW4CURLcode@@PEAXW4CURLoption@@ZZ)
WatchLater_UC.obj : error LNK2028: unresolved token (0A00057E) "extern "C" void * __cdecl curl_easy_init(void)" (?curl_easy_init@@$$J0YAPEAXXZ) referenced in function "public: class Json::Value __clrcall Mani::getInformations(class std::basic_string<char,struct std::char_traits<char>,class std::allocator<char> >)" (?getInformations@Mani@@$$FQE$AAM?AVValue@Json@@V?$basic_string@DU?$char_traits@D@std@@V?$allocator@D@2@@std@@@Z)
ViewMovie.obj : error LNK2028: unresolved token (0A00057E) "extern "C" void * __cdecl curl_easy_init(void)" (?curl_easy_init@@$$J0YAPEAXXZ) referenced in function "public: class Json::Value __clrcall Mani::getInformations(class std::basic_string<char,struct std::char_traits<char>,class std::allocator<char> >)" (?getInformations@Mani@@$$FQE$AAM?AVValue@Json@@V?$basic_string@DU?$char_traits@D@std@@V?$allocator@D@2@@std@@@Z)
PosterPlanning.obj : error LNK2020: unresolved token (0A00057E) "extern "C" void * __cdecl curl_easy_init(void)" (?curl_easy_init@@$$J0YAPEAXXZ)
PosterImage.obj : error LNK2028: unresolved token (0A00057E) "extern "C" void * __cdecl curl_easy_init(void)" (?curl_easy_init@@$$J0YAPEAXXZ) referenced in function "public: class Json::Value __clrcall Mani::getInformations(class std::basic_string<char,struct std::char_traits<char>,class std::allocator<char> >)" (?getInformations@Mani@@$$FQE$AAM?AVValue@Json@@V?$basic_string@DU?$char_traits@D@std@@V?$allocator@D@2@@std@@@Z)
MyForm.obj : error LNK2020: unresolved token (0A0005EC) "extern "C" void * __cdecl curl_easy_init(void)" (?curl_easy_init@@$$J0YAPEAXXZ)
Mani.obj : error LNK2028: unresolved token (0A00058C) "extern "C" void * __cdecl curl_easy_init(void)" (?curl_easy_init@@$$J0YAPEAXXZ) referenced in function "public: class Json::Value __clrcall Mani::getInformations(class std::basic_string<char,struct std::char_traits<char>,class std::allocator<char> >)" (?getInformations@Mani@@$$FQE$AAM?AVValue@Json@@V?$basic_string@DU?$char_traits@D@std@@V?$allocator@D@2@@std@@@Z)
Library.obj : error LNK2028: unresolved token (0A00057E) "extern "C" void * __cdecl curl_easy_init(void)" (?curl_easy_init@@$$J0YAPEAXXZ) referenced in function "[T2M] void * __cdecl operator new(unsigned __int64,void *)" (__t2m@??2@YAPEAX_KPEAX@Z)
DiscoverUser.obj : error LNK2020: unresolved token (0A0005C2) "extern "C" void * __cdecl curl_easy_init(void)" (?curl_easy_init@@$$J0YAPEAXXZ)
DaysUserControl.obj : error LNK2020: unresolved token (0A00057E) "extern "C" void * __cdecl curl_easy_init(void)" (?curl_easy_init@@$$J0YAPEAXXZ)
DashBoard.obj : error LNK2028: unresolved token (0A0005B9) "extern "C" void * __cdecl curl_easy_init(void)" (?curl_easy_init@@$$J0YAPEAXXZ) referenced in function "public: class Json::Value __clrcall Mani::getInformations(class std::basic_string<char,struct std::char_traits<char>,class std::allocator<char> >)" (?getInformations@Mani@@$$FQE$AAM?AVValue@Json@@V?$basic_string@DU?$char_traits@D@std@@V?$allocator@D@2@@std@@@Z)
Calendar_uc.obj : error LNK2028: unresolved token (0A00057E) "extern "C" void * __cdecl curl_easy_init(void)" (?curl_easy_init@@$$J0YAPEAXXZ) referenced in function "public: class Json::Value __clrcall Mani::getInformations(class std::basic_string<char,struct std::char_traits<char>,class std::allocator<char> >)" (?getInformations@Mani@@$$FQE$AAM?AVValue@Json@@V?$basic_string@DU?$char_traits@D@std@@V?$allocator@D@2@@std@@@Z)
WatchLater_UC.obj : error LNK2020: unresolved token (0A0005C2) "extern "C" enum CURLcode __cdecl curl_easy_getinfo(void *,enum CURLINFO,...)" (?curl_easy_getinfo@@$$J0YA?AW4CURLcode@@PEAXW4CURLINFO@@ZZ)
ViewMovie.obj : error LNK2020: unresolved token (0A0005C2) "extern "C" enum CURLcode __cdecl curl_easy_getinfo(void *,enum CURLINFO,...)" (?curl_easy_getinfo@@$$J0YA?AW4CURLcode@@PEAXW4CURLINFO@@ZZ)
PosterPlanning.obj : error LNK2020: unresolved token (0A0005C2) "extern "C" enum CURLcode __cdecl curl_easy_getinfo(void *,enum CURLINFO,...)" (?curl_easy_getinfo@@$$J0YA?AW4CURLcode@@PEAXW4CURLINFO@@ZZ)
PosterImage.obj : error LNK2020: unresolved token (0A0005C2) "extern "C" enum CURLcode __cdecl curl_easy_getinfo(void *,enum CURLINFO,...)" (?curl_easy_getinfo@@$$J0YA?AW4CURLcode@@PEAXW4CURLINFO@@ZZ)
MyForm.obj : error LNK2020: unresolved token (0A000630) "extern "C" enum CURLcode __cdecl curl_easy_getinfo(void *,enum CURLINFO,...)" (?curl_easy_getinfo@@$$J0YA?AW4CURLcode@@PEAXW4CURLINFO@@ZZ)
Mani.obj : error LNK2020: unresolved token (0A0005D0) "extern "C" enum CURLcode __cdecl curl_easy_getinfo(void *,enum CURLINFO,...)" (?curl_easy_getinfo@@$$J0YA?AW4CURLcode@@PEAXW4CURLINFO@@ZZ)
Library.obj : error LNK2020: unresolved token (0A0005C2) "extern "C" enum CURLcode __cdecl curl_easy_getinfo(void *,enum CURLINFO,...)" (?curl_easy_getinfo@@$$J0YA?AW4CURLcode@@PEAXW4CURLINFO@@ZZ)
DiscoverUser.obj : error LNK2020: unresolved token (0A000606) "extern "C" enum CURLcode __cdecl curl_easy_getinfo(void *,enum CURLINFO,...)" (?curl_easy_getinfo@@$$J0YA?AW4CURLcode@@PEAXW4CURLINFO@@ZZ)
DaysUserControl.obj : error LNK2020: unresolved token (0A0005C2) "extern "C" enum CURLcode __cdecl curl_easy_getinfo(void *,enum CURLINFO,...)" (?curl_easy_getinfo@@$$J0YA?AW4CURLcode@@PEAXW4CURLINFO@@ZZ)
DashBoard.obj : error LNK2020: unresolved token (0A0005FD) "extern "C" enum CURLcode __cdecl curl_easy_getinfo(void *,enum CURLINFO,...)" (?curl_easy_getinfo@@$$J0YA?AW4CURLcode@@PEAXW4CURLINFO@@ZZ)
Calendar_uc.obj : error LNK2020: unresolved token (0A0005C2) "extern "C" enum CURLcode __cdecl curl_easy_getinfo(void *,enum CURLINFO,...)" (?curl_easy_getinfo@@$$J0YA?AW4CURLcode@@PEAXW4CURLINFO@@ZZ)
WatchLater_UC.obj : error LNK2028: unresolved token (0A0005C9) "extern "C" enum CURLcode __cdecl curl_easy_perform(void *)" (?curl_easy_perform@@$$J0YA?AW4CURLcode@@PEAX@Z) referenced in function "public: class Json::Value __clrcall Mani::getInformations(class std::basic_string<char,struct std::char_traits<char>,class std::allocator<char> >)" (?getInformations@Mani@@$$FQE$AAM?AVValue@Json@@V?$basic_string@DU?$char_traits@D@std@@V?$allocator@D@2@@std@@@Z)
ViewMovie.obj : error LNK2028: unresolved token (0A0005C9) "extern "C" enum CURLcode __cdecl curl_easy_perform(void *)" (?curl_easy_perform@@$$J0YA?AW4CURLcode@@PEAX@Z) referenced in function "public: class Json::Value __clrcall Mani::getInformations(class std::basic_string<char,struct std::char_traits<char>,class std::allocator<char> >)" (?getInformations@Mani@@$$FQE$AAM?AVValue@Json@@V?$basic_string@DU?$char_traits@D@std@@V?$allocator@D@2@@std@@@Z)
PosterPlanning.obj : error LNK2028: unresolved token (0A0005C9) "extern "C" enum CURLcode __cdecl curl_easy_perform(void *)" (?curl_easy_perform@@$$J0YA?AW4CURLcode@@PEAX@Z) referenced in function "public: class Json::Value __clrcall Mani::getInformations(class std::basic_string<char,struct std::char_traits<char>,class std::allocator<char> >)" (?getInformations@Mani@@$$FQE$AAM?AVValue@Json@@V?$basic_string@DU?$char_traits@D@std@@V?$allocator@D@2@@std@@@Z)
PosterImage.obj : error LNK2028: unresolved token (0A0005C9) "extern "C" enum CURLcode __cdecl curl_easy_perform(void *)" (?curl_easy_perform@@$$J0YA?AW4CURLcode@@PEAX@Z) referenced in function "public: class Json::Value __clrcall Mani::getInformations(class std::basic_string<char,struct std::char_traits<char>,class std::allocator<char> >)" (?getInformations@Mani@@$$FQE$AAM?AVValue@Json@@V?$basic_string@DU?$char_traits@D@std@@V?$allocator@D@2@@std@@@Z)
MyForm.obj : error LNK2028: unresolved token (0A000637) "extern "C" enum CURLcode __cdecl curl_easy_perform(void *)" (?curl_easy_perform@@$$J0YA?AW4CURLcode@@PEAX@Z) referenced in function "public: __cdecl Json::Reader::~Reader(void)" (??1Reader@Json@@$$FQEAA@XZ)
Mani.obj : error LNK2028: unresolved token (0A0005D7) "extern "C" enum CURLcode __cdecl curl_easy_perform(void *)" (?curl_easy_perform@@$$J0YA?AW4CURLcode@@PEAX@Z) referenced in function "public: class Json::Value __clrcall Mani::getInformations(class std::basic_string<char,struct std::char_traits<char>,class std::allocator<char> >)" (?getInformations@Mani@@$$FQE$AAM?AVValue@Json@@V?$basic_string@DU?$char_traits@D@std@@V?$allocator@D@2@@std@@@Z)
Library.obj : error LNK2028: unresolved token (0A0005C9) "extern "C" enum CURLcode __cdecl curl_easy_perform(void *)" (?curl_easy_perform@@$$J0YA?AW4CURLcode@@PEAX@Z) referenced in function "[T2M] public: static __int64 __cdecl std::numeric_limits<__int64>::max(void)" (__t2m@?max@?$numeric_limits@_J@std@@SA_JXZ)
DiscoverUser.obj : error LNK2020: unresolved token (0A00060D) "extern "C" enum CURLcode __cdecl curl_easy_perform(void *)" (?curl_easy_perform@@$$J0YA?AW4CURLcode@@PEAX@Z)
DaysUserControl.obj : error LNK2020: unresolved token (0A0005C9) "extern "C" enum CURLcode __cdecl curl_easy_perform(void *)" (?curl_easy_perform@@$$J0YA?AW4CURLcode@@PEAX@Z)
DashBoard.obj : error LNK2028: unresolved token (0A000604) "extern "C" enum CURLcode __cdecl curl_easy_perform(void *)" (?curl_easy_perform@@$$J0YA?AW4CURLcode@@PEAX@Z) referenced in function "public: class Json::Value __clrcall Mani::getInformations(class std::basic_string<char,struct std::char_traits<char>,class std::allocator<char> >)" (?getInformations@Mani@@$$FQE$AAM?AVValue@Json@@V?$basic_string@DU?$char_traits@D@std@@V?$allocator@D@2@@std@@@Z)
Calendar_uc.obj : error LNK2028: unresolved token (0A0005C9) "extern "C" enum CURLcode __cdecl curl_easy_perform(void *)" (?curl_easy_perform@@$$J0YA?AW4CURLcode@@PEAX@Z) referenced in function "public: class Json::Value __clrcall Mani::getInformations(class std::basic_string<char,struct std::char_traits<char>,class std::allocator<char> >)" (?getInformations@Mani@@$$FQE$AAM?AVValue@Json@@V?$basic_string@DU?$char_traits@D@std@@V?$allocator@D@2@@std@@@Z)
WatchLater_UC.obj : error LNK2020: unresolved token (0A0005D8) "extern "C" enum CURLcode __cdecl curl_easy_setopt(void *,enum CURLoption,...)" (?curl_easy_setopt@@$$J0YA?AW4CURLcode@@PEAXW4CURLoption@@ZZ)
ViewMovie.obj : error LNK2020: unresolved token (0A0005D8) "extern "C" enum CURLcode __cdecl curl_easy_setopt(void *,enum CURLoption,...)" (?curl_easy_setopt@@$$J0YA?AW4CURLcode@@PEAXW4CURLoption@@ZZ)
PosterPlanning.obj : error LNK2020: unresolved token (0A0005D8) "extern "C" enum CURLcode __cdecl curl_easy_setopt(void *,enum CURLoption,...)" (?curl_easy_setopt@@$$J0YA?AW4CURLcode@@PEAXW4CURLoption@@ZZ)
PosterImage.obj : error LNK2020: unresolved token (0A0005D8) "extern "C" enum CURLcode __cdecl curl_easy_setopt(void *,enum CURLoption,...)" (?curl_easy_setopt@@$$J0YA?AW4CURLcode@@PEAXW4CURLoption@@ZZ)
MyForm.obj : error LNK2020: unresolved token (0A000646) "extern "C" enum CURLcode __cdecl curl_easy_setopt(void *,enum CURLoption,...)" (?curl_easy_setopt@@$$J0YA?AW4CURLcode@@PEAXW4CURLoption@@ZZ)
Mani.obj : error LNK2020: unresolved token (0A0005E6) "extern "C" enum CURLcode __cdecl curl_easy_setopt(void *,enum CURLoption,...)" (?curl_easy_setopt@@$$J0YA?AW4CURLcode@@PEAXW4CURLoption@@ZZ)
Library.obj : error LNK2020: unresolved token (0A0005D8) "extern "C" enum CURLcode __cdecl curl_easy_setopt(void *,enum CURLoption,...)" (?curl_easy_setopt@@$$J0YA?AW4CURLcode@@PEAXW4CURLoption@@ZZ)
DiscoverUser.obj : error LNK2020: unresolved token (0A00061C) "extern "C" enum CURLcode __cdecl curl_easy_setopt(void *,enum CURLoption,...)" (?curl_easy_setopt@@$$J0YA?AW4CURLcode@@PEAXW4CURLoption@@ZZ)
DaysUserControl.obj : error LNK2020: unresolved token (0A0005D8) "extern "C" enum CURLcode __cdecl curl_easy_setopt(void *,enum CURLoption,...)" (?curl_easy_setopt@@$$J0YA?AW4CURLcode@@PEAXW4CURLoption@@ZZ)
DashBoard.obj : error LNK2020: unresolved token (0A000613) "extern "C" enum CURLcode __cdecl curl_easy_setopt(void *,enum CURLoption,...)" (?curl_easy_setopt@@$$J0YA?AW4CURLcode@@PEAXW4CURLoption@@ZZ)
Calendar_uc.obj : error LNK2020: unresolved token (0A0005D8) "extern "C" enum CURLcode __cdecl curl_easy_setopt(void *,enum CURLoption,...)" (?curl_easy_setopt@@$$J0YA?AW4CURLcode@@PEAXW4CURLoption@@ZZ)
WatchLater_UC.obj : error LNK2020: unresolved token (0A0005EE) "extern "C" enum CURLcode __cdecl curl_easy_setopt(void *,enum CURLoption,...)" (?curl_easy_setopt@@$$J0YA?AW4CURLcode@@PEAXW4CURLoption@@ZZ)
ViewMovie.obj : error LNK2020: unresolved token (0A0005EE) "extern "C" enum CURLcode __cdecl curl_easy_setopt(void *,enum CURLoption,...)" (?curl_easy_setopt@@$$J0YA?AW4CURLcode@@PEAXW4CURLoption@@ZZ)
PosterPlanning.obj : error LNK2020: unresolved token (0A0005EE) "extern "C" enum CURLcode __cdecl curl_easy_setopt(void *,enum CURLoption,...)" (?curl_easy_setopt@@$$J0YA?AW4CURLcode@@PEAXW4CURLoption@@ZZ)
PosterImage.obj : error LNK2020: unresolved token (0A0005EE) "extern "C" enum CURLcode __cdecl curl_easy_setopt(void *,enum CURLoption,...)" (?curl_easy_setopt@@$$J0YA?AW4CURLcode@@PEAXW4CURLoption@@ZZ)
MyForm.obj : error LNK2020: unresolved token (0A00065C) "extern "C" enum CURLcode __cdecl curl_easy_setopt(void *,enum CURLoption,...)" (?curl_easy_setopt@@$$J0YA?AW4CURLcode@@PEAXW4CURLoption@@ZZ)
Mani.obj : error LNK2020: unresolved token (0A0005FC) "extern "C" enum CURLcode __cdecl curl_easy_setopt(void *,enum CURLoption,...)" (?curl_easy_setopt@@$$J0YA?AW4CURLcode@@PEAXW4CURLoption@@ZZ)
Library.obj : error LNK2020: unresolved token (0A0005EE) "extern "C" enum CURLcode __cdecl curl_easy_setopt(void *,enum CURLoption,...)" (?curl_easy_setopt@@$$J0YA?AW4CURLcode@@PEAXW4CURLoption@@ZZ)
DiscoverUser.obj : error LNK2020: unresolved token (0A000632) "extern "C" enum CURLcode __cdecl curl_easy_setopt(void *,enum CURLoption,...)" (?curl_easy_setopt@@$$J0YA?AW4CURLcode@@PEAXW4CURLoption@@ZZ)
DaysUserControl.obj : error LNK2020: unresolved token (0A0005EE) "extern "C" enum CURLcode __cdecl curl_easy_setopt(void *,enum CURLoption,...)" (?curl_easy_setopt@@$$J0YA?AW4CURLcode@@PEAXW4CURLoption@@ZZ)
DashBoard.obj : error LNK2020: unresolved token (0A000629) "extern "C" enum CURLcode __cdecl curl_easy_setopt(void *,enum CURLoption,...)" (?curl_easy_setopt@@$$J0YA?AW4CURLcode@@PEAXW4CURLoption@@ZZ)
Calendar_uc.obj : error LNK2020: unresolved token (0A0005EE) "extern "C" enum CURLcode __cdecl curl_easy_setopt(void *,enum CURLoption,...)" (?curl_easy_setopt@@$$J0YA?AW4CURLcode@@PEAXW4CURLoption@@ZZ)
WatchLater_UC.obj : error LNK2020: unresolved token (0A00076E) "extern "C" enum CURLcode __cdecl curl_easy_setopt(void *,enum CURLoption,...)" (?curl_easy_setopt@@$$J0YA?AW4CURLcode@@PEAXW4CURLoption@@ZZ)
ViewMovie.obj : error LNK2020: unresolved token (0A000764) "extern "C" enum CURLcode __cdecl curl_easy_setopt(void *,enum CURLoption,...)" (?curl_easy_setopt@@$$J0YA?AW4CURLcode@@PEAXW4CURLoption@@ZZ)
PosterPlanning.obj : error LNK2020: unresolved token (0A000768) "extern "C" enum CURLcode __cdecl curl_easy_setopt(void *,enum CURLoption,...)" (?curl_easy_setopt@@$$J0YA?AW4CURLcode@@PEAXW4CURLoption@@ZZ)
PosterImage.obj : error LNK2020: unresolved token (0A000765) "extern "C" enum CURLcode __cdecl curl_easy_setopt(void *,enum CURLoption,...)" (?curl_easy_setopt@@$$J0YA?AW4CURLcode@@PEAXW4CURLoption@@ZZ)
MyForm.obj : error LNK2020: unresolved token (0A000807) "extern "C" enum CURLcode __cdecl curl_easy_setopt(void *,enum CURLoption,...)" (?curl_easy_setopt@@$$J0YA?AW4CURLcode@@PEAXW4CURLoption@@ZZ)
Mani.obj : error LNK2020: unresolved token (0A0006D2) "extern "C" enum CURLcode __cdecl curl_easy_setopt(void *,enum CURLoption,...)" (?curl_easy_setopt@@$$J0YA?AW4CURLcode@@PEAXW4CURLoption@@ZZ)
Library.obj : error LNK2020: unresolved token (0A00076B) "extern "C" enum CURLcode __cdecl curl_easy_setopt(void *,enum CURLoption,...)" (?curl_easy_setopt@@$$J0YA?AW4CURLcode@@PEAXW4CURLoption@@ZZ)
DiscoverUser.obj : error LNK2020: unresolved token (0A0007B6) "extern "C" enum CURLcode __cdecl curl_easy_setopt(void *,enum CURLoption,...)" (?curl_easy_setopt@@$$J0YA?AW4CURLcode@@PEAXW4CURLoption@@ZZ)
DaysUserControl.obj : error LNK2020: unresolved token (0A000771) "extern "C" enum CURLcode __cdecl curl_easy_setopt(void *,enum CURLoption,...)" (?curl_easy_setopt@@$$J0YA?AW4CURLcode@@PEAXW4CURLoption@@ZZ)
DashBoard.obj : error LNK2020: unresolved token (0A0007AB) "extern "C" enum CURLcode __cdecl curl_easy_setopt(void *,enum CURLoption,...)" (?curl_easy_setopt@@$$J0YA?AW4CURLcode@@PEAXW4CURLoption@@ZZ)
Calendar_uc.obj : error LNK2020: unresolved token (0A000781) "extern "C" enum CURLcode __cdecl curl_easy_setopt(void *,enum CURLoption,...)" (?curl_easy_setopt@@$$J0YA?AW4CURLcode@@PEAXW4CURLoption@@ZZ)
PosterPlanning.obj : error LNK2001: unresolved external symbol "extern "C" void * __cdecl curl_easy_init(void)" (?curl_easy_init@@$$J0YAPEAXXZ)
ViewMovie.obj : error LNK2001: unresolved external symbol "extern "C" void * __cdecl curl_easy_init(void)" (?curl_easy_init@@$$J0YAPEAXXZ)
WatchLater_UC.obj : error LNK2001: unresolved external symbol "extern "C" void * __cdecl curl_easy_init(void)" (?curl_easy_init@@$$J0YAPEAXXZ)
Library.obj : error LNK2001: unresolved external symbol "extern "C" void * __cdecl curl_easy_init(void)" (?curl_easy_init@@$$J0YAPEAXXZ)
Mani.obj : error LNK2001: unresolved external symbol "extern "C" void * __cdecl curl_easy_init(void)" (?curl_easy_init@@$$J0YAPEAXXZ)
MyForm.obj : error LNK2001: unresolved external symbol "extern "C" void * __cdecl curl_easy_init(void)" (?curl_easy_init@@$$J0YAPEAXXZ)
PosterImage.obj : error LNK2001: unresolved external symbol "extern "C" void * __cdecl curl_easy_init(void)" (?curl_easy_init@@$$J0YAPEAXXZ)
Calendar_uc.obj : error LNK2001: unresolved external symbol "extern "C" void * __cdecl curl_easy_init(void)" (?curl_easy_init@@$$J0YAPEAXXZ)
DashBoard.obj : error LNK2001: unresolved external symbol "extern "C" void * __cdecl curl_easy_init(void)" (?curl_easy_init@@$$J0YAPEAXXZ)
DaysUserControl.obj : error LNK2001: unresolved external symbol "extern "C" void * __cdecl curl_easy_init(void)" (?curl_easy_init@@$$J0YAPEAXXZ)
DiscoverUser.obj : error LNK2001: unresolved external symbol "extern "C" void * __cdecl curl_easy_init(void)" (?curl_easy_init@@$$J0YAPEAXXZ)
PosterPlanning.obj : error LNK2001: unresolved external symbol "extern "C" enum CURLcode __cdecl curl_easy_setopt(void *,enum CURLoption,...)" (?curl_easy_setopt@@$$J0YA?AW4CURLcode@@PEAXW4CURLoption@@ZZ)
ViewMovie.obj : error LNK2001: unresolved external symbol "extern "C" enum CURLcode __cdecl curl_easy_setopt(void *,enum CURLoption,...)" (?curl_easy_setopt@@$$J0YA?AW4CURLcode@@PEAXW4CURLoption@@ZZ)
WatchLater_UC.obj : error LNK2001: unresolved external symbol "extern "C" enum CURLcode __cdecl curl_easy_setopt(void *,enum CURLoption,...)" (?curl_easy_setopt@@$$J0YA?AW4CURLcode@@PEAXW4CURLoption@@ZZ)
Library.obj : error LNK2001: unresolved external symbol "extern "C" enum CURLcode __cdecl curl_easy_setopt(void *,enum CURLoption,...)" (?curl_easy_setopt@@$$J0YA?AW4CURLcode@@PEAXW4CURLoption@@ZZ)
Mani.obj : error LNK2001: unresolved external symbol "extern "C" enum CURLcode __cdecl curl_easy_setopt(void *,enum CURLoption,...)" (?curl_easy_setopt@@$$J0YA?AW4CURLcode@@PEAXW4CURLoption@@ZZ)
MyForm.obj : error LNK2001: unresolved external symbol "extern "C" enum CURLcode __cdecl curl_easy_setopt(void *,enum CURLoption,...)" (?curl_easy_setopt@@$$J0YA?AW4CURLcode@@PEAXW4CURLoption@@ZZ)
PosterImage.obj : error LNK2001: unresolved external symbol "extern "C" enum CURLcode __cdecl curl_easy_setopt(void *,enum CURLoption,...)" (?curl_easy_setopt@@$$J0YA?AW4CURLcode@@PEAXW4CURLoption@@ZZ)
Calendar_uc.obj : error LNK2001: unresolved external symbol "extern "C" enum CURLcode __cdecl curl_easy_setopt(void *,enum CURLoption,...)" (?curl_easy_setopt@@$$J0YA?AW4CURLcode@@PEAXW4CURLoption@@ZZ)
DashBoard.obj : error LNK2001: unresolved external symbol "extern "C" enum CURLcode __cdecl curl_easy_setopt(void *,enum CURLoption,...)" (?curl_easy_setopt@@$$J0YA?AW4CURLcode@@PEAXW4CURLoption@@ZZ)
DaysUserControl.obj : error LNK2001: unresolved external symbol "extern "C" enum CURLcode __cdecl curl_easy_setopt(void *,enum CURLoption,...)" (?curl_easy_setopt@@$$J0YA?AW4CURLcode@@PEAXW4CURLoption@@ZZ)
DiscoverUser.obj : error LNK2001: unresolved external symbol "extern "C" enum CURLcode __cdecl curl_easy_setopt(void *,enum CURLoption,...)" (?curl_easy_setopt@@$$J0YA?AW4CURLcode@@PEAXW4CURLoption@@ZZ)
PosterPlanning.obj : error LNK2019: unresolved external symbol "extern "C" enum CURLcode __cdecl curl_easy_perform(void *)" (?curl_easy_perform@@$$J0YA?AW4CURLcode@@PEAX@Z) referenced in function "public: class Json::Value __clrcall Mani::getInformations(class std::basic_string<char,struct std::char_traits<char>,class std::allocator<char> >)" (?getInformations@Mani@@$$FQE$AAM?AVValue@Json@@V?$basic_string@DU?$char_traits@D@std@@V?$allocator@D@2@@std@@@Z)
ViewMovie.obj : error LNK2001: unresolved external symbol "extern "C" enum CURLcode __cdecl curl_easy_perform(void *)" (?curl_easy_perform@@$$J0YA?AW4CURLcode@@PEAX@Z)
WatchLater_UC.obj : error LNK2001: unresolved external symbol "extern "C" enum CURLcode __cdecl curl_easy_perform(void *)" (?curl_easy_perform@@$$J0YA?AW4CURLcode@@PEAX@Z)
Library.obj : error LNK2001: unresolved external symbol "extern "C" enum CURLcode __cdecl curl_easy_perform(void *)" (?curl_easy_perform@@$$J0YA?AW4CURLcode@@PEAX@Z)
Mani.obj : error LNK2001: unresolved external symbol "extern "C" enum CURLcode __cdecl curl_easy_perform(void *)" (?curl_easy_perform@@$$J0YA?AW4CURLcode@@PEAX@Z)
MyForm.obj : error LNK2001: unresolved external symbol "extern "C" enum CURLcode __cdecl curl_easy_perform(void *)" (?curl_easy_perform@@$$J0YA?AW4CURLcode@@PEAX@Z)
PosterImage.obj : error LNK2001: unresolved external symbol "extern "C" enum CURLcode __cdecl curl_easy_perform(void *)" (?curl_easy_perform@@$$J0YA?AW4CURLcode@@PEAX@Z)
Calendar_uc.obj : error LNK2001: unresolved external symbol "extern "C" enum CURLcode __cdecl curl_easy_perform(void *)" (?curl_easy_perform@@$$J0YA?AW4CURLcode@@PEAX@Z)
DashBoard.obj : error LNK2001: unresolved external symbol "extern "C" enum CURLcode __cdecl curl_easy_perform(void *)" (?curl_easy_perform@@$$J0YA?AW4CURLcode@@PEAX@Z)
DaysUserControl.obj : error LNK2001: unresolved external symbol "extern "C" enum CURLcode __cdecl curl_easy_perform(void *)" (?curl_easy_perform@@$$J0YA?AW4CURLcode@@PEAX@Z)
DiscoverUser.obj : error LNK2001: unresolved external symbol "extern "C" enum CURLcode __cdecl curl_easy_perform(void *)" (?curl_easy_perform@@$$J0YA?AW4CURLcode@@PEAX@Z)
PosterPlanning.obj : error LNK2001: unresolved external symbol "extern "C" enum CURLcode __cdecl curl_easy_getinfo(void *,enum CURLINFO,...)" (?curl_easy_getinfo@@$$J0YA?AW4CURLcode@@PEAXW4CURLINFO@@ZZ)
ViewMovie.obj : error LNK2001: unresolved external symbol "extern "C" enum CURLcode __cdecl curl_easy_getinfo(void *,enum CURLINFO,...)" (?curl_easy_getinfo@@$$J0YA?AW4CURLcode@@PEAXW4CURLINFO@@ZZ)
WatchLater_UC.obj : error LNK2001: unresolved external symbol "extern "C" enum CURLcode __cdecl curl_easy_getinfo(void *,enum CURLINFO,...)" (?curl_easy_getinfo@@$$J0YA?AW4CURLcode@@PEAXW4CURLINFO@@ZZ)
Library.obj : error LNK2001: unresolved external symbol "extern "C" enum CURLcode __cdecl curl_easy_getinfo(void *,enum CURLINFO,...)" (?curl_easy_getinfo@@$$J0YA?AW4CURLcode@@PEAXW4CURLINFO@@ZZ)
Mani.obj : error LNK2001: unresolved external symbol "extern "C" enum CURLcode __cdecl curl_easy_getinfo(void *,enum CURLINFO,...)" (?curl_easy_getinfo@@$$J0YA?AW4CURLcode@@PEAXW4CURLINFO@@ZZ)
MyForm.obj : error LNK2001: unresolved external symbol "extern "C" enum CURLcode __cdecl curl_easy_getinfo(void *,enum CURLINFO,...)" (?curl_easy_getinfo@@$$J0YA?AW4CURLcode@@PEAXW4CURLINFO@@ZZ)
PosterImage.obj : error LNK2001: unresolved external symbol "extern "C" enum CURLcode __cdecl curl_easy_getinfo(void *,enum CURLINFO,...)" (?curl_easy_getinfo@@$$J0YA?AW4CURLcode@@PEAXW4CURLINFO@@ZZ)
Calendar_uc.obj : error LNK2001: unresolved external symbol "extern "C" enum CURLcode __cdecl curl_easy_getinfo(void *,enum CURLINFO,...)" (?curl_easy_getinfo@@$$J0YA?AW4CURLcode@@PEAXW4CURLINFO@@ZZ)
DashBoard.obj : error LNK2001: unresolved external symbol "extern "C" enum CURLcode __cdecl curl_easy_getinfo(void *,enum CURLINFO,...)" (?curl_easy_getinfo@@$$J0YA?AW4CURLcode@@PEAXW4CURLINFO@@ZZ)
DaysUserControl.obj : error LNK2001: unresolved external symbol "extern "C" enum CURLcode __cdecl curl_easy_getinfo(void *,enum CURLINFO,...)" (?curl_easy_getinfo@@$$J0YA?AW4CURLcode@@PEAXW4CURLINFO@@ZZ)
DiscoverUser.obj : error LNK2001: unresolved external symbol "extern "C" enum CURLcode __cdecl curl_easy_getinfo(void *,enum CURLINFO,...)" (?curl_easy_getinfo@@$$J0YA?AW4CURLcode@@PEAXW4CURLINFO@@ZZ)
PosterPlanning.obj : error LNK2019: unresolved external symbol "extern "C" void __cdecl curl_easy_cleanup(void *)" (?curl_easy_cleanup@@$$J0YAXPEAX@Z) referenced in function "public: class Json::Value __clrcall Mani::getInformations(class std::basic_string<char,struct std::char_traits<char>,class std::allocator<char> >)" (?getInformations@Mani@@$$FQE$AAM?AVValue@Json@@V?$basic_string@DU?$char_traits@D@std@@V?$allocator@D@2@@std@@@Z)
ViewMovie.obj : error LNK2001: unresolved external symbol "extern "C" void __cdecl curl_easy_cleanup(void *)" (?curl_easy_cleanup@@$$J0YAXPEAX@Z)
WatchLater_UC.obj : error LNK2001: unresolved external symbol "extern "C" void __cdecl curl_easy_cleanup(void *)" (?curl_easy_cleanup@@$$J0YAXPEAX@Z)
Library.obj : error LNK2001: unresolved external symbol "extern "C" void __cdecl curl_easy_cleanup(void *)" (?curl_easy_cleanup@@$$J0YAXPEAX@Z)
Mani.obj : error LNK2001: unresolved external symbol "extern "C" void __cdecl curl_easy_cleanup(void *)" (?curl_easy_cleanup@@$$J0YAXPEAX@Z)
MyForm.obj : error LNK2001: unresolved external symbol "extern "C" void __cdecl curl_easy_cleanup(void *)" (?curl_easy_cleanup@@$$J0YAXPEAX@Z)
PosterImage.obj : error LNK2001: unresolved external symbol "extern "C" void __cdecl curl_easy_cleanup(void *)" (?curl_easy_cleanup@@$$J0YAXPEAX@Z)
Calendar_uc.obj : error LNK2001: unresolved external symbol "extern "C" void __cdecl curl_easy_cleanup(void *)" (?curl_easy_cleanup@@$$J0YAXPEAX@Z)
DashBoard.obj : error LNK2001: unresolved external symbol "extern "C" void __cdecl curl_easy_cleanup(void *)" (?curl_easy_cleanup@@$$J0YAXPEAX@Z)
DaysUserControl.obj : error LNK2001: unresolved external symbol "extern "C" void __cdecl curl_easy_cleanup(void *)" (?curl_easy_cleanup@@$$J0YAXPEAX@Z)
DiscoverUser.obj : error LNK2001: unresolved external symbol "extern "C" void __cdecl curl_easy_cleanup(void *)" (?curl_easy_cleanup@@$$J0YAXPEAX@Z)
C:\curl-7.70.0\builds\libcurl-vc-x86-release-static-ipv6-sspi-winssl\lib\libcurl_a.lib : warning LNK4272: library machine type 'x86' conflicts with target machine type 'x64'
C:\Users\MT\Documents\code blocks\C++\streamCinet-App\x64\Debug\Project5.exe : fatal error LNK1120: 126 unresolved externals
