c:\users\mt\desktop\streamcinet-app-master\project5\x64\debug\vc143.pdb
c:\users\mt\desktop\streamcinet-app-master\project5\x64\debug\.netframework,version=v4.7.2.assemblyattributes.obj
c:\users\mt\desktop\streamcinet-app-master\project5\x64\debug\myusercontrol.obj
c:\users\mt\desktop\streamcinet-app-master\project5\x64\debug\mylibrary.obj
c:\users\mt\desktop\streamcinet-app-master\project5\x64\debug\myform.obj
c:\users\mt\desktop\streamcinet-app-master\project5\x64\debug\movie_uc.obj
c:\users\mt\desktop\streamcinet-app-master\project5\x64\debug\mainclass.obj
c:\users\mt\desktop\streamcinet-app-master\project5\x64\debug\jsoncpp.obj
c:\users\mt\desktop\streamcinet-app-master\project5\x64\debug\display.obj
c:\users\mt\desktop\streamcinet-app-master\project5\x64\debug\databaseconnection.obj
c:\users\mt\desktop\streamcinet-app-master\project5\x64\debug\database.obj
c:\users\mt\desktop\streamcinet-app-master\project5\x64\debug\classdata.obj
c:\users\mt\desktop\streamcinet-app-master\x64\debug\project5.exe
c:\users\mt\desktop\streamcinet-app-master\x64\debug\project5.pdb
c:\users\mt\desktop\streamcinet-app-master\project5\x64\debug\project5.tlog\cl.command.1.tlog
c:\users\mt\desktop\streamcinet-app-master\project5\x64\debug\project5.tlog\cl.read.1.tlog
c:\users\mt\desktop\streamcinet-app-master\project5\x64\debug\project5.tlog\cl.write.1.tlog
c:\users\mt\desktop\streamcinet-app-master\project5\x64\debug\project5.tlog\link.command.1.tlog
c:\users\mt\desktop\streamcinet-app-master\project5\x64\debug\project5.tlog\link.read.1.tlog
c:\users\mt\desktop\streamcinet-app-master\project5\x64\debug\project5.tlog\link.write.1.tlog
c:\users\mt\desktop\streamcinet-app-master\project5\x64\debug\project5.tlog\metagen.read.1.tlog
c:\users\mt\desktop\streamcinet-app-master\project5\x64\debug\project5.tlog\metagen.write.1.tlog
c:\users\mt\desktop\streamcinet-app-master\project5\x64\debug\project5.tlog\resgen.command.1.tlog
c:\users\mt\desktop\streamcinet-app-master\project5\x64\debug\project5.tlog\resgen.read.1.tlog
c:\users\mt\desktop\streamcinet-app-master\project5\x64\debug\project5.tlog\resgen.write.1.tlog
