c:\users\mt\desktop\streamcinet-app-master\project5\debug\vc143.pdb
c:\users\mt\desktop\streamcinet-app-walid\project5\debug\vc143.pdb
c:\users\mt\desktop\streamcinet-app-walid\project5\debug\.netframework,version=v4.7.2.assemblyattributes.obj
c:\users\mt\desktop\streamcinet-app-walid\project5\debug\watchlater_uc.obj
c:\users\mt\desktop\streamcinet-app-walid\project5\debug\watchform.obj
c:\users\mt\desktop\streamcinet-app-walid\project5\debug\viewmovie.obj
c:\users\mt\desktop\streamcinet-app-walid\project5\debug\serie.obj
c:\users\mt\desktop\streamcinet-app-walid\project5\debug\posterplanning.obj
c:\users\mt\desktop\streamcinet-app-walid\project5\debug\posterimage.obj
c:\users\mt\desktop\streamcinet-app-walid\project5\debug\myform.obj
c:\users\mt\desktop\streamcinet-app-walid\project5\debug\movie.obj
c:\users\mt\desktop\streamcinet-app-walid\project5\debug\jsoncpp.obj
c:\users\mt\desktop\streamcinet-app-walid\project5\debug\mani.obj
c:\users\mt\desktop\streamcinet-app-walid\project5\debug\library.obj
c:\users\mt\desktop\streamcinet-app-walid\project5\debug\discoveruser.obj
c:\users\mt\desktop\streamcinet-app-walid\project5\debug\daysusercontrol.obj
c:\users\mt\desktop\streamcinet-app-walid\project5\debug\databaseoperations.obj
c:\users\mt\desktop\streamcinet-app-walid\project5\debug\databaseconnection.obj
c:\users\mt\desktop\streamcinet-app-walid\project5\debug\dashboard.obj
c:\users\mt\desktop\streamcinet-app-walid\project5\debug\calendar_uc.obj
c:\users\mt\desktop\streamcinet-app-walid\project5\debug\blankusercontrol.obj
c:\users\mt\desktop\streamcinet-app-walid\project5\debug\userclass.obj
c:\users\mt\desktop\streamcinet-app-walid\project5\debug\login.obj
c:\users\mt\desktop\streamcinet-app-walid\project5\debug\signup.obj
c:\users\mt\desktop\streamcinet-app-walid\debug\project5.exe
c:\users\mt\desktop\streamcinet-app-walid\debug\project5.pdb
d:\projects\training\project5\project5\debug\project5.myform.resources
d:\projects\training\project5\project5\debug\project5.ressource.resources
d:\projects\training\project5\project5\debug\project5.myusercontrol.resources
d:\projects\training\project5\project5\debug\project5.dashboard.resources
d:\projects\training\project5\project5\debug\project5.discoveruser.resources
d:\projects\training\project5\project5\debug\project5.backgrounddash.resources
d:\projects\training\project5\project5\debug\project5.moviesuse.resources
d:\projects\training\project5\project5\debug\project5.series.resources
d:\projects\training\project5\project5\debug\project5.movieuc.resources
d:\projects\training\project5\project5\debug\project5.viewmovie.resources
c:\users\mt\desktop\streamcinet-app-walid\project5\debug\resource.res
c:\users\mt\desktop\streamcinet-app-walid\project5\debug\backgrounddash.obj
c:\users\mt\desktop\streamcinet-app-walid\project5\debug\class.obj
c:\users\mt\desktop\streamcinet-app-walid\project5\debug\comboval.obj
c:\users\mt\desktop\streamcinet-app-walid\project5\debug\datasqlconn.obj
c:\users\mt\desktop\streamcinet-app-walid\project5\debug\localdata.obj
c:\users\mt\desktop\streamcinet-app-walid\project5\debug\manipulatedata.obj
c:\users\mt\desktop\streamcinet-app-walid\project5\debug\movieserie.obj
c:\users\mt\desktop\streamcinet-app-walid\project5\debug\moviesuse.obj
c:\users\mt\desktop\streamcinet-app-walid\project5\debug\movieuc.obj
c:\users\mt\desktop\streamcinet-app-walid\project5\debug\myusercontrol.obj
c:\users\mt\desktop\streamcinet-app-walid\project5\debug\planningformat.obj
c:\users\mt\desktop\streamcinet-app-walid\project5\debug\series.obj
c:\users\mt\desktop\streamcinet-app-walid\project5\debug\project5.myusercontrol.resources
c:\users\mt\desktop\streamcinet-app-walid\project5\debug\project5.tlog\cl.command.1.tlog
c:\users\mt\desktop\streamcinet-app-walid\project5\debug\project5.tlog\cl.read.1.tlog
c:\users\mt\desktop\streamcinet-app-walid\project5\debug\project5.tlog\cl.write.1.tlog
c:\users\mt\desktop\streamcinet-app-walid\project5\debug\project5.tlog\link.command.1.tlog
c:\users\mt\desktop\streamcinet-app-walid\project5\debug\project5.tlog\link.read.1.tlog
c:\users\mt\desktop\streamcinet-app-walid\project5\debug\project5.tlog\link.write.1.tlog
c:\users\mt\desktop\streamcinet-app-walid\project5\debug\project5.tlog\metagen.read.1.tlog
c:\users\mt\desktop\streamcinet-app-walid\project5\debug\project5.tlog\metagen.write.1.tlog
c:\users\mt\desktop\streamcinet-app-walid\project5\debug\project5.tlog\project5.write.1u.tlog
c:\users\mt\desktop\streamcinet-app-walid\project5\debug\project5.tlog\rc.command.1.tlog
c:\users\mt\desktop\streamcinet-app-walid\project5\debug\project5.tlog\rc.read.1.tlog
c:\users\mt\desktop\streamcinet-app-walid\project5\debug\project5.tlog\rc.write.1.tlog
c:\users\mt\desktop\streamcinet-app-walid\project5\debug\project5.tlog\resgen.command.1.tlog
c:\users\mt\desktop\streamcinet-app-walid\project5\debug\project5.tlog\resgen.read.1.tlog
c:\users\mt\desktop\streamcinet-app-walid\project5\debug\project5.tlog\resgen.write.1.tlog
